<?xml version="1.0" encoding="UTF-8"?>
<!-- Generated by org.testng.reporters.JUnitReportReporter -->
<testsuite hostname="DESKTOP-VN48HJ3" failures="0" tests="1" name="testCases.TC01LoginTest" time="6.320" errors="0" timestamp="2024-12-29T16:30:50 IST" skipped="0">
  <testcase classname="testCases.TC01LoginTest" name="verify_login" time="6.320"/>
</testsuite> <!-- testCases.TC01LoginTest -->
